<?xml version="1.0" encoding="UTF-8"?>
<!-- Generated by org.testng.reporters.JUnitReportReporter -->
<testsuite hostname="LIN51009747" failures="0" tests="1" name="com.page.VerifyLog" time="6.645" errors="0" timestamp="2023-08-24T15:58:51 IST" skipped="0">
  <testcase classname="com.page.VerifyLog" name="testlog" time="6.645"/>
  <system-out/>
</testsuite> <!-- com.page.VerifyLog -->
