<?xml version="1.0" encoding="UTF-8"?>
<!-- Generated by org.testng.reporters.JUnitReportReporter -->
<testsuite hostname="LIN51009747" failures="0" tests="1" name="com.tesng.NewTest" time="8.151" errors="0" timestamp="2023-08-23T14:15:52 IST" skipped="0">
  <testcase classname="com.tesng.NewTest" name="f" time="8.151"/>
  <system-out/>
</testsuite> <!-- com.tesng.NewTest -->
