<?xml version="1.0" encoding="UTF-8"?>
<!-- Generated by org.testng.reporters.JUnitReportReporter -->
<testsuite hostname="LIN51009747" failures="0" tests="1" name="com.tesng.NewTest1" time="0.026" errors="0" timestamp="2023-08-23T14:33:35 IST" skipped="0">
  <testcase classname="com.tesng.NewTest1" name="SampleTest" time="0.026"/>
  <system-out/>
</testsuite> <!-- com.tesng.NewTest1 -->
