<?xml version="1.0" encoding="UTF-8"?>
<!-- Generated by org.testng.reporters.JUnitReportReporter -->
<testsuite hostname="LIN51009747" failures="0" tests="2" name="com.tesng.Group" time="0.039" errors="0" timestamp="2023-08-24T10:42:46 IST" skipped="0">
  <testcase classname="com.tesng.Group" name="addtocart" time="0.033"/>
  <system-out/>
  <testcase classname="com.tesng.Group" name="log" time="0.006"/>
  <system-out/>
</testsuite> <!-- com.tesng.Group -->
