<?xml version="1.0" encoding="UTF-8"?>
<!-- Generated by org.testng.reporters.JUnitReportReporter -->
<testsuite hostname="LIN51009747" failures="0" tests="9" name="com.tesng.ThirdTest" time="17.247" errors="0" timestamp="2023-08-23T17:35:01 IST" skipped="0">
  <testcase classname="com.tesng.ThirdTest" name="main" time="7.014"/>
  <system-out/>
  <testcase classname="com.tesng.ThirdTest" name="main" time="3.694"/>
  <system-out/>
  <testcase classname="com.tesng.ThirdTest" name="main" time="3.842"/>
  <system-out/>
  <testcase classname="com.tesng.ThirdTest" name="test" time="0.511"/>
  <system-out/>
  <testcase classname="com.tesng.ThirdTest" name="test" time="0.595"/>
  <system-out/>
  <testcase classname="com.tesng.ThirdTest" name="test" time="0.597"/>
  <system-out/>
  <testcase classname="com.tesng.ThirdTest" name="close" time="0.391"/>
  <system-out/>
  <testcase classname="com.tesng.ThirdTest" name="close" time="0.370"/>
  <system-out/>
  <testcase classname="com.tesng.ThirdTest" name="close" time="0.233"/>
  <system-out/>
</testsuite> <!-- com.tesng.ThirdTest -->
