<?xml version="1.0" encoding="UTF-8"?>
<!-- Generated by org.testng.reporters.JUnitReportReporter -->
<testsuite hostname="LIN51009747" failures="0" tests="2" name="Runner.TestRunnerLogintag" time="17.922" errors="0" timestamp="2023-08-29T17:40:09 IST" skipped="0">
  <testcase classname="Runner.TestRunnerLogintag" name="runScenario" time="9.682"/>
  <testcase classname="Runner.TestRunnerLogintag" name="runScenario" time="8.240"/>
</testsuite> <!-- Runner.TestRunnerLogintag -->
