<?xml version="1.0" encoding="UTF-8"?>
<!-- Generated by org.testng.reporters.JUnitReportReporter -->
<testsuite hostname="LIN51009747" failures="0" tests="1" name="com.Loginfactory.LoginPF" time="13.621" errors="0" timestamp="2023-08-25T09:11:49 IST" skipped="0">
  <testcase classname="com.Loginfactory.LoginPF" name="verifyswag" time="13.621"/>
  <system-out/>
</testsuite> <!-- com.Loginfactory.LoginPF -->
