<?xml version="1.0" encoding="UTF-8"?>
<!-- Generated by org.testng.reporters.JUnitReportReporter -->
<testsuite hostname="LIN51009747" failures="0" tests="1" name="com.tesng.Exception" time="0.091" errors="0" timestamp="2023-08-24T09:47:18 IST" skipped="0">
  <testcase classname="com.tesng.Exception" name="test" time="0.091"/>
  <system-out/>
</testsuite> <!-- com.tesng.Exception -->
